<?xml version="1.0" encoding="UTF-8"?>
<!-- Generated by org.testng.reporters.JUnitXMLReporter -->
<testsuite hostname="LAPTOP-2DRNIN91" ignored="0" name="Login Page Test" tests="2" failures="0" timestamp="2022-12-15T12:42:10 GMT" time="23.037" errors="0">
  <testcase name="userShouldLoginSuccessfullyWithValidCredentials" time="2.226" classname="com.orangehrmlive.testsuite.LoginPageTest"/>
  <testcase name="userShouldNavigateToForgotPasswordPageSuccessfully" time="1.414" classname="com.orangehrmlive.testsuite.LoginPageTest"/>
</testsuite> <!-- Login Page Test -->
